2023-12-08 08:38:08.155 [info] Extension host with pid 7959 started
2023-12-08 08:38:08.155 [info] Skipping acquiring lock for /home/baia-13/Documentos/Botanica-jardim/cache/User/workspaceStorage/b93a27942ed5f77602969574d28b7618.
2023-12-08 08:38:08.378 [info] ExtensionService#_doActivateExtension vscode.git-base, startup: true, activationEvent: '*'
2023-12-08 08:38:08.387 [info] ExtensionService#_doActivateExtension vscode.npm, startup: true, activationEvent: 'workspaceContains:package.json'
2023-12-08 08:38:08.571 [info] ExtensionService#_doActivateExtension vscode.github, startup: true, activationEvent: '*'
2023-12-08 08:38:08.678 [info] Eager extensions activated
2023-12-08 08:38:08.688 [info] ExtensionService#_doActivateExtension vscode.debug-auto-launch, startup: false, activationEvent: 'onStartupFinished'
2023-12-08 08:38:08.691 [info] ExtensionService#_doActivateExtension vscode.merge-conflict, startup: false, activationEvent: 'onStartupFinished'
2023-12-08 08:38:16.335 [info] ExtensionService#_doActivateExtension vscode.git, startup: false, activationEvent: 'api', root cause: vscode.github
2023-12-08 08:38:16.637 [info] ExtensionService#_doActivateExtension vscode.github-authentication, startup: false, activationEvent: 'onAuthenticationRequest:github'
2023-12-08 08:47:02.216 [info] ExtensionService#_doActivateExtension vscode.typescript-language-features, startup: false, activationEvent: 'onLanguage:javascript'
2023-12-08 08:47:02.316 [info] ExtensionService#_doActivateExtension vscode.emmet, startup: false, activationEvent: 'onLanguage'
2023-12-08 08:47:11.381 [info] ExtensionService#_doActivateExtension vscode.html-language-features, startup: false, activationEvent: 'onLanguage:html'
2023-12-08 08:48:15.290 [info] ExtensionService#_doActivateExtension vscode.css-language-features, startup: false, activationEvent: 'onLanguage:scss'
2023-12-08 10:27:53.592 [warning] [Decorations] CAPPING events from decorations provider vscode.git 251
2023-12-08 10:28:01.941 [warning] [Decorations] CAPPING events from decorations provider vscode.git 252
2023-12-08 10:28:07.225 [warning] [Decorations] CAPPING events from decorations provider vscode.git 251
2023-12-08 10:28:12.270 [warning] [Decorations] CAPPING events from decorations provider vscode.git 251
2023-12-08 10:28:17.309 [warning] [Decorations] CAPPING events from decorations provider vscode.git 252
2023-12-08 10:28:22.353 [warning] [Decorations] CAPPING events from decorations provider vscode.git 252
2023-12-08 10:28:27.398 [warning] [Decorations] CAPPING events from decorations provider vscode.git 252
2023-12-08 10:29:03.515 [warning] [Decorations] CAPPING events from decorations provider vscode.git 253
2023-12-08 10:29:24.441 [warning] [Decorations] CAPPING events from decorations provider vscode.git 252
2023-12-08 10:29:43.999 [warning] [Decorations] CAPPING events from decorations provider vscode.git 252
2023-12-08 10:29:49.039 [warning] [Decorations] CAPPING events from decorations provider vscode.git 252
2023-12-08 10:29:54.078 [warning] [Decorations] CAPPING events from decorations provider vscode.git 253
2023-12-08 10:30:56.989 [warning] [Decorations] CAPPING events from decorations provider vscode.git 253
2023-12-08 10:31:04.949 [warning] [Decorations] CAPPING events from decorations provider vscode.git 254
2023-12-08 10:31:09.990 [warning] [Decorations] CAPPING events from decorations provider vscode.git 254
2023-12-08 10:31:15.036 [warning] [Decorations] CAPPING events from decorations provider vscode.git 255
2023-12-08 10:31:21.715 [warning] [Decorations] CAPPING events from decorations provider vscode.git 254
2023-12-08 10:32:02.417 [warning] [Decorations] CAPPING events from decorations provider vscode.git 254
2023-12-08 10:32:07.460 [warning] [Decorations] CAPPING events from decorations provider vscode.git 254
2023-12-08 10:32:12.497 [warning] [Decorations] CAPPING events from decorations provider vscode.git 254
2023-12-08 10:32:17.537 [warning] [Decorations] CAPPING events from decorations provider vscode.git 255
2023-12-08 10:32:22.576 [warning] [Decorations] CAPPING events from decorations provider vscode.git 255
2023-12-08 10:32:27.613 [warning] [Decorations] CAPPING events from decorations provider vscode.git 255
2023-12-08 10:32:42.836 [warning] [Decorations] CAPPING events from decorations provider vscode.git 256
2023-12-08 10:32:52.405 [warning] [Decorations] CAPPING events from decorations provider vscode.git 255
2023-12-08 10:32:57.448 [warning] [Decorations] CAPPING events from decorations provider vscode.git 255
2023-12-08 10:33:02.500 [warning] [Decorations] CAPPING events from decorations provider vscode.git 256
2023-12-08 10:33:07.536 [warning] [Decorations] CAPPING events from decorations provider vscode.git 257
2023-12-08 10:33:13.574 [warning] [Decorations] CAPPING events from decorations provider vscode.git 258
2023-12-08 10:33:18.610 [warning] [Decorations] CAPPING events from decorations provider vscode.git 257
2023-12-08 10:33:23.646 [warning] [Decorations] CAPPING events from decorations provider vscode.git 257
2023-12-08 10:33:30.813 [warning] [Decorations] CAPPING events from decorations provider vscode.git 258
2023-12-08 10:33:35.853 [warning] [Decorations] CAPPING events from decorations provider vscode.git 258
2023-12-08 10:34:26.433 [warning] [Decorations] CAPPING events from decorations provider vscode.git 259
2023-12-08 10:34:31.480 [warning] [Decorations] CAPPING events from decorations provider vscode.git 259
2023-12-08 10:34:36.518 [warning] [Decorations] CAPPING events from decorations provider vscode.git 260
2023-12-08 10:34:41.560 [warning] [Decorations] CAPPING events from decorations provider vscode.git 260
2023-12-08 10:34:46.602 [warning] [Decorations] CAPPING events from decorations provider vscode.git 260
2023-12-08 10:34:51.647 [warning] [Decorations] CAPPING events from decorations provider vscode.git 260
2023-12-08 10:34:56.687 [warning] [Decorations] CAPPING events from decorations provider vscode.git 260
2023-12-08 10:35:01.725 [warning] [Decorations] CAPPING events from decorations provider vscode.git 260
2023-12-08 10:35:06.766 [warning] [Decorations] CAPPING events from decorations provider vscode.git 261
2023-12-08 10:35:11.806 [warning] [Decorations] CAPPING events from decorations provider vscode.git 261
2023-12-08 10:35:16.913 [warning] [Decorations] CAPPING events from decorations provider vscode.git 261
2023-12-08 10:35:21.952 [warning] [Decorations] CAPPING events from decorations provider vscode.git 261
2023-12-08 10:35:26.996 [warning] [Decorations] CAPPING events from decorations provider vscode.git 261
2023-12-08 10:35:32.033 [warning] [Decorations] CAPPING events from decorations provider vscode.git 261
2023-12-08 10:36:06.428 [warning] [Decorations] CAPPING events from decorations provider vscode.git 261
2023-12-08 10:36:11.467 [warning] [Decorations] CAPPING events from decorations provider vscode.git 261
2023-12-08 10:36:16.510 [warning] [Decorations] CAPPING events from decorations provider vscode.git 261
2023-12-08 10:36:21.552 [warning] [Decorations] CAPPING events from decorations provider vscode.git 261
2023-12-08 10:36:26.592 [warning] [Decorations] CAPPING events from decorations provider vscode.git 261
2023-12-08 10:36:31.634 [warning] [Decorations] CAPPING events from decorations provider vscode.git 261
2023-12-08 10:36:36.676 [warning] [Decorations] CAPPING events from decorations provider vscode.git 261
2023-12-08 10:36:44.167 [warning] [Decorations] CAPPING events from decorations provider vscode.git 261
2023-12-08 10:36:49.207 [warning] [Decorations] CAPPING events from decorations provider vscode.git 262
2023-12-08 10:36:56.621 [warning] [Decorations] CAPPING events from decorations provider vscode.git 261
2023-12-08 10:37:01.656 [warning] [Decorations] CAPPING events from decorations provider vscode.git 261
2023-12-08 10:37:06.697 [warning] [Decorations] CAPPING events from decorations provider vscode.git 261
2023-12-08 10:37:11.740 [warning] [Decorations] CAPPING events from decorations provider vscode.git 261
2023-12-08 10:37:16.782 [warning] [Decorations] CAPPING events from decorations provider vscode.git 262
2023-12-08 10:37:21.823 [warning] [Decorations] CAPPING events from decorations provider vscode.git 262
2023-12-08 10:37:26.860 [warning] [Decorations] CAPPING events from decorations provider vscode.git 263
2023-12-08 10:37:31.903 [warning] [Decorations] CAPPING events from decorations provider vscode.git 262
2023-12-08 10:37:36.935 [warning] [Decorations] CAPPING events from decorations provider vscode.git 263
2023-12-08 10:37:45.454 [warning] [Decorations] CAPPING events from decorations provider vscode.git 264
2023-12-08 10:37:50.494 [warning] [Decorations] CAPPING events from decorations provider vscode.git 264
2023-12-08 10:37:59.247 [warning] [Decorations] CAPPING events from decorations provider vscode.git 264
2023-12-08 10:38:06.786 [warning] [Decorations] CAPPING events from decorations provider vscode.git 265
2023-12-08 10:38:11.825 [warning] [Decorations] CAPPING events from decorations provider vscode.git 265
2023-12-08 10:38:16.861 [warning] [Decorations] CAPPING events from decorations provider vscode.git 265
2023-12-08 10:39:01.923 [warning] [Decorations] CAPPING events from decorations provider vscode.git 266
2023-12-08 10:39:36.623 [warning] [Decorations] CAPPING events from decorations provider vscode.git 267
2023-12-08 10:40:11.550 [warning] [Decorations] CAPPING events from decorations provider vscode.git 267
2023-12-08 10:40:16.597 [warning] [Decorations] CAPPING events from decorations provider vscode.git 267
2023-12-08 10:40:34.762 [warning] [Decorations] CAPPING events from decorations provider vscode.git 268
2023-12-08 10:40:39.801 [warning] [Decorations] CAPPING events from decorations provider vscode.git 268
2023-12-08 10:40:46.965 [warning] [Decorations] CAPPING events from decorations provider vscode.git 269
2023-12-08 10:40:52.016 [warning] [Decorations] CAPPING events from decorations provider vscode.git 269
2023-12-08 10:40:57.056 [warning] [Decorations] CAPPING events from decorations provider vscode.git 269
2023-12-08 10:41:02.099 [warning] [Decorations] CAPPING events from decorations provider vscode.git 269
2023-12-08 10:41:07.141 [warning] [Decorations] CAPPING events from decorations provider vscode.git 269
2023-12-08 10:41:12.185 [warning] [Decorations] CAPPING events from decorations provider vscode.git 269
2023-12-08 10:41:17.224 [warning] [Decorations] CAPPING events from decorations provider vscode.git 269
2023-12-08 10:41:22.263 [warning] [Decorations] CAPPING events from decorations provider vscode.git 269
2023-12-08 10:41:27.874 [warning] [Decorations] CAPPING events from decorations provider vscode.git 270
2023-12-08 10:41:32.915 [warning] [Decorations] CAPPING events from decorations provider vscode.git 271
2023-12-08 10:41:37.951 [warning] [Decorations] CAPPING events from decorations provider vscode.git 271
2023-12-08 10:41:42.990 [warning] [Decorations] CAPPING events from decorations provider vscode.git 271
2023-12-08 10:41:48.030 [warning] [Decorations] CAPPING events from decorations provider vscode.git 271
2023-12-08 10:41:53.075 [warning] [Decorations] CAPPING events from decorations provider vscode.git 276
2023-12-08 10:42:02.763 [warning] [Decorations] CAPPING events from decorations provider vscode.git 275
2023-12-08 10:42:07.803 [warning] [Decorations] CAPPING events from decorations provider vscode.git 275
2023-12-08 10:42:12.849 [warning] [Decorations] CAPPING events from decorations provider vscode.git 276
2023-12-08 10:42:17.886 [warning] [Decorations] CAPPING events from decorations provider vscode.git 277
2023-12-08 10:42:22.925 [warning] [Decorations] CAPPING events from decorations provider vscode.git 276
2023-12-08 10:43:13.048 [warning] [Decorations] CAPPING events from decorations provider vscode.git 278
2023-12-08 10:43:18.091 [warning] [Decorations] CAPPING events from decorations provider vscode.git 278
2023-12-08 10:43:41.805 [warning] [Decorations] CAPPING events from decorations provider vscode.git 278
2023-12-08 11:04:20.499 [warning] [Decorations] CAPPING events from decorations provider vscode.git 279
2023-12-08 11:04:25.548 [warning] [Decorations] CAPPING events from decorations provider vscode.git 279
2023-12-08 11:04:30.595 [warning] [Decorations] CAPPING events from decorations provider vscode.git 279
2023-12-08 11:04:35.646 [warning] [Decorations] CAPPING events from decorations provider vscode.git 279
2023-12-08 11:04:40.692 [warning] [Decorations] CAPPING events from decorations provider vscode.git 280
2023-12-08 11:04:45.739 [warning] [Decorations] CAPPING events from decorations provider vscode.git 280
2023-12-08 11:04:50.785 [warning] [Decorations] CAPPING events from decorations provider vscode.git 280
2023-12-08 11:04:55.835 [warning] [Decorations] CAPPING events from decorations provider vscode.git 280
2023-12-08 11:05:00.881 [warning] [Decorations] CAPPING events from decorations provider vscode.git 280
2023-12-08 11:05:05.932 [warning] [Decorations] CAPPING events from decorations provider vscode.git 280
2023-12-08 11:05:10.983 [warning] [Decorations] CAPPING events from decorations provider vscode.git 280
2023-12-08 11:05:16.029 [warning] [Decorations] CAPPING events from decorations provider vscode.git 280
2023-12-08 11:05:21.073 [warning] [Decorations] CAPPING events from decorations provider vscode.git 280
2023-12-08 11:05:26.121 [warning] [Decorations] CAPPING events from decorations provider vscode.git 280
2023-12-08 11:05:31.168 [warning] [Decorations] CAPPING events from decorations provider vscode.git 280
2023-12-08 11:05:36.215 [warning] [Decorations] CAPPING events from decorations provider vscode.git 280
2023-12-08 11:05:41.261 [warning] [Decorations] CAPPING events from decorations provider vscode.git 281
2023-12-08 11:05:47.825 [warning] [Decorations] CAPPING events from decorations provider vscode.git 280
2023-12-08 11:05:52.864 [warning] [Decorations] CAPPING events from decorations provider vscode.git 280
2023-12-08 11:11:01.585 [warning] [Decorations] CAPPING events from decorations provider vscode.git 280
2023-12-08 11:11:06.633 [warning] [Decorations] CAPPING events from decorations provider vscode.git 280
2023-12-08 11:11:11.676 [warning] [Decorations] CAPPING events from decorations provider vscode.git 280
2023-12-08 11:11:16.723 [warning] [Decorations] CAPPING events from decorations provider vscode.git 280
2023-12-08 11:11:21.770 [warning] [Decorations] CAPPING events from decorations provider vscode.git 281
2023-12-08 11:11:26.817 [warning] [Decorations] CAPPING events from decorations provider vscode.git 281
2023-12-08 11:11:31.866 [warning] [Decorations] CAPPING events from decorations provider vscode.git 281
2023-12-08 11:11:36.915 [warning] [Decorations] CAPPING events from decorations provider vscode.git 282
2023-12-08 11:11:41.964 [warning] [Decorations] CAPPING events from decorations provider vscode.git 281
2023-12-08 11:11:47.014 [warning] [Decorations] CAPPING events from decorations provider vscode.git 282
2023-12-08 11:11:52.062 [warning] [Decorations] CAPPING events from decorations provider vscode.git 282
2023-12-08 11:12:01.253 [warning] [Decorations] CAPPING events from decorations provider vscode.git 283
2023-12-08 11:12:06.304 [warning] [Decorations] CAPPING events from decorations provider vscode.git 282
2023-12-08 11:12:11.350 [warning] [Decorations] CAPPING events from decorations provider vscode.git 282
2023-12-08 11:12:16.396 [warning] [Decorations] CAPPING events from decorations provider vscode.git 283
2023-12-08 11:12:21.452 [warning] [Decorations] CAPPING events from decorations provider vscode.git 283
2023-12-08 11:12:31.442 [warning] [Decorations] CAPPING events from decorations provider vscode.git 284
2023-12-08 11:12:36.488 [warning] [Decorations] CAPPING events from decorations provider vscode.git 283
2023-12-08 11:12:41.537 [warning] [Decorations] CAPPING events from decorations provider vscode.git 283
2023-12-08 11:12:46.584 [warning] [Decorations] CAPPING events from decorations provider vscode.git 283
2023-12-08 11:12:51.635 [warning] [Decorations] CAPPING events from decorations provider vscode.git 284
2023-12-08 11:12:56.681 [warning] [Decorations] CAPPING events from decorations provider vscode.git 285
2023-12-08 11:13:06.379 [warning] [Decorations] CAPPING events from decorations provider vscode.git 285
2023-12-08 11:13:11.427 [warning] [Decorations] CAPPING events from decorations provider vscode.git 285
2023-12-08 11:13:16.474 [warning] [Decorations] CAPPING events from decorations provider vscode.git 285
2023-12-08 11:13:21.523 [warning] [Decorations] CAPPING events from decorations provider vscode.git 285
2023-12-08 11:13:53.825 [warning] [Decorations] CAPPING events from decorations provider vscode.git 285
2023-12-08 11:13:58.869 [warning] [Decorations] CAPPING events from decorations provider vscode.git 285
2023-12-08 11:14:03.911 [warning] [Decorations] CAPPING events from decorations provider vscode.git 285
2023-12-08 11:14:12.886 [warning] [Decorations] CAPPING events from decorations provider vscode.git 286
2023-12-08 11:14:17.930 [warning] [Decorations] CAPPING events from decorations provider vscode.git 286
2023-12-08 11:14:22.974 [warning] [Decorations] CAPPING events from decorations provider vscode.git 286
2023-12-08 11:14:28.015 [warning] [Decorations] CAPPING events from decorations provider vscode.git 286
2023-12-08 11:14:33.056 [warning] [Decorations] CAPPING events from decorations provider vscode.git 287
2023-12-08 11:14:38.098 [warning] [Decorations] CAPPING events from decorations provider vscode.git 287
2023-12-08 11:14:43.136 [warning] [Decorations] CAPPING events from decorations provider vscode.git 287
2023-12-08 11:14:52.798 [warning] [Decorations] CAPPING events from decorations provider vscode.git 288
2023-12-08 11:14:57.836 [warning] [Decorations] CAPPING events from decorations provider vscode.git 288
2023-12-08 11:15:02.879 [warning] [Decorations] CAPPING events from decorations provider vscode.git 288
2023-12-08 11:15:07.914 [warning] [Decorations] CAPPING events from decorations provider vscode.git 289
2023-12-08 11:15:14.522 [warning] [Decorations] CAPPING events from decorations provider vscode.git 289
2023-12-08 11:15:21.334 [warning] [Decorations] CAPPING events from decorations provider vscode.git 289
2023-12-08 11:15:28.474 [warning] [Decorations] CAPPING events from decorations provider vscode.git 289
2023-12-08 11:15:33.667 [warning] [Decorations] CAPPING events from decorations provider vscode.git 290
2023-12-08 11:15:47.807 [warning] [Decorations] CAPPING events from decorations provider vscode.git 292
2023-12-08 11:15:52.853 [warning] [Decorations] CAPPING events from decorations provider vscode.git 293
2023-12-08 11:19:26.053 [warning] [Decorations] CAPPING events from decorations provider vscode.git 293
2023-12-08 11:19:31.094 [warning] [Decorations] CAPPING events from decorations provider vscode.git 292
2023-12-08 11:19:36.132 [warning] [Decorations] CAPPING events from decorations provider vscode.git 293
2023-12-08 11:19:43.869 [warning] [Decorations] CAPPING events from decorations provider vscode.git 293
2023-12-08 11:20:52.894 [warning] [Decorations] CAPPING events from decorations provider vscode.git 294
2023-12-08 11:20:57.937 [warning] [Decorations] CAPPING events from decorations provider vscode.git 294
2023-12-08 11:21:02.978 [warning] [Decorations] CAPPING events from decorations provider vscode.git 294
2023-12-08 11:21:08.019 [warning] [Decorations] CAPPING events from decorations provider vscode.git 295
2023-12-08 11:21:42.369 [warning] [Decorations] CAPPING events from decorations provider vscode.git 296
2023-12-08 11:21:47.411 [warning] [Decorations] CAPPING events from decorations provider vscode.git 295
2023-12-08 11:21:52.454 [warning] [Decorations] CAPPING events from decorations provider vscode.git 296
2023-12-08 11:21:57.501 [warning] [Decorations] CAPPING events from decorations provider vscode.git 296
2023-12-08 11:22:02.540 [warning] [Decorations] CAPPING events from decorations provider vscode.git 297
2023-12-08 11:24:42.940 [warning] [Decorations] CAPPING events from decorations provider vscode.git 297
2023-12-08 11:25:07.127 [warning] [Decorations] CAPPING events from decorations provider vscode.git 297
2023-12-08 11:25:12.178 [warning] [Decorations] CAPPING events from decorations provider vscode.git 297
2023-12-08 11:25:17.217 [warning] [Decorations] CAPPING events from decorations provider vscode.git 298
2023-12-08 11:25:22.257 [warning] [Decorations] CAPPING events from decorations provider vscode.git 298
2023-12-08 11:25:36.125 [warning] [Decorations] CAPPING events from decorations provider vscode.git 299
2023-12-08 11:25:41.172 [warning] [Decorations] CAPPING events from decorations provider vscode.git 299
2023-12-08 11:25:46.220 [warning] [Decorations] CAPPING events from decorations provider vscode.git 299
2023-12-08 11:25:52.354 [warning] [Decorations] CAPPING events from decorations provider vscode.git 300
2023-12-08 11:25:57.402 [warning] [Decorations] CAPPING events from decorations provider vscode.git 299
2023-12-08 11:26:02.452 [warning] [Decorations] CAPPING events from decorations provider vscode.git 299
2023-12-08 11:26:07.499 [warning] [Decorations] CAPPING events from decorations provider vscode.git 299
2023-12-08 11:26:12.547 [warning] [Decorations] CAPPING events from decorations provider vscode.git 300
2023-12-08 11:26:17.594 [warning] [Decorations] CAPPING events from decorations provider vscode.git 300
2023-12-08 11:26:22.644 [warning] [Decorations] CAPPING events from decorations provider vscode.git 300
2023-12-08 11:26:29.792 [warning] [Decorations] CAPPING events from decorations provider vscode.git 301
2023-12-08 11:26:34.842 [warning] [Decorations] CAPPING events from decorations provider vscode.git 300
2023-12-08 11:26:39.891 [warning] [Decorations] CAPPING events from decorations provider vscode.git 301
2023-12-08 11:26:50.045 [warning] [Decorations] CAPPING events from decorations provider vscode.git 302
2023-12-08 11:26:55.094 [warning] [Decorations] CAPPING events from decorations provider vscode.git 301
2023-12-08 11:27:03.859 [warning] [Decorations] CAPPING events from decorations provider vscode.git 302
2023-12-08 11:27:08.907 [warning] [Decorations] CAPPING events from decorations provider vscode.git 303
2023-12-08 11:27:13.939 [warning] [Decorations] CAPPING events from decorations provider vscode.git 303
2023-12-08 11:27:18.984 [warning] [Decorations] CAPPING events from decorations provider vscode.git 303
2023-12-08 11:27:24.018 [warning] [Decorations] CAPPING events from decorations provider vscode.git 303
2023-12-08 11:27:29.051 [warning] [Decorations] CAPPING events from decorations provider vscode.git 303
2023-12-08 11:27:34.094 [warning] [Decorations] CAPPING events from decorations provider vscode.git 303
2023-12-08 11:27:39.138 [warning] [Decorations] CAPPING events from decorations provider vscode.git 303
2023-12-08 11:27:44.185 [warning] [Decorations] CAPPING events from decorations provider vscode.git 303
2023-12-08 11:27:49.232 [warning] [Decorations] CAPPING events from decorations provider vscode.git 303
2023-12-08 11:27:54.276 [warning] [Decorations] CAPPING events from decorations provider vscode.git 303
2023-12-08 11:27:59.325 [warning] [Decorations] CAPPING events from decorations provider vscode.git 303
2023-12-08 11:28:04.371 [warning] [Decorations] CAPPING events from decorations provider vscode.git 303
2023-12-08 11:28:09.420 [warning] [Decorations] CAPPING events from decorations provider vscode.git 303
2023-12-08 11:28:14.467 [warning] [Decorations] CAPPING events from decorations provider vscode.git 303
2023-12-08 11:28:19.514 [warning] [Decorations] CAPPING events from decorations provider vscode.git 303
2023-12-08 11:28:24.562 [warning] [Decorations] CAPPING events from decorations provider vscode.git 303
2023-12-08 11:28:29.611 [warning] [Decorations] CAPPING events from decorations provider vscode.git 303
2023-12-08 11:28:34.660 [warning] [Decorations] CAPPING events from decorations provider vscode.git 303
2023-12-08 11:28:39.708 [warning] [Decorations] CAPPING events from decorations provider vscode.git 303
2023-12-08 11:28:44.756 [warning] [Decorations] CAPPING events from decorations provider vscode.git 303
2023-12-08 11:28:49.804 [warning] [Decorations] CAPPING events from decorations provider vscode.git 303
2023-12-08 11:28:54.850 [warning] [Decorations] CAPPING events from decorations provider vscode.git 303
2023-12-08 11:28:59.897 [warning] [Decorations] CAPPING events from decorations provider vscode.git 303
2023-12-08 11:29:04.946 [warning] [Decorations] CAPPING events from decorations provider vscode.git 303
2023-12-08 11:29:09.990 [warning] [Decorations] CAPPING events from decorations provider vscode.git 303
2023-12-08 11:29:15.039 [warning] [Decorations] CAPPING events from decorations provider vscode.git 303
2023-12-08 11:29:20.086 [warning] [Decorations] CAPPING events from decorations provider vscode.git 303
2023-12-08 11:29:25.132 [warning] [Decorations] CAPPING events from decorations provider vscode.git 303
2023-12-08 11:29:30.178 [warning] [Decorations] CAPPING events from decorations provider vscode.git 303
2023-12-08 11:29:35.226 [warning] [Decorations] CAPPING events from decorations provider vscode.git 303
2023-12-08 11:29:40.276 [warning] [Decorations] CAPPING events from decorations provider vscode.git 303
2023-12-08 11:29:45.322 [warning] [Decorations] CAPPING events from decorations provider vscode.git 303
2023-12-08 11:29:50.370 [warning] [Decorations] CAPPING events from decorations provider vscode.git 303
2023-12-08 11:29:55.419 [warning] [Decorations] CAPPING events from decorations provider vscode.git 303
2023-12-08 11:30:00.466 [warning] [Decorations] CAPPING events from decorations provider vscode.git 303
2023-12-08 11:30:05.516 [warning] [Decorations] CAPPING events from decorations provider vscode.git 303
2023-12-08 11:30:10.548 [warning] [Decorations] CAPPING events from decorations provider vscode.git 303
2023-12-08 11:30:15.592 [warning] [Decorations] CAPPING events from decorations provider vscode.git 303
2023-12-08 11:30:20.636 [warning] [Decorations] CAPPING events from decorations provider vscode.git 303
2023-12-08 11:30:25.682 [warning] [Decorations] CAPPING events from decorations provider vscode.git 303
2023-12-08 11:30:30.728 [warning] [Decorations] CAPPING events from decorations provider vscode.git 303
2023-12-08 11:30:35.774 [warning] [Decorations] CAPPING events from decorations provider vscode.git 303
2023-12-08 11:30:40.823 [warning] [Decorations] CAPPING events from decorations provider vscode.git 303
2023-12-08 11:30:45.872 [warning] [Decorations] CAPPING events from decorations provider vscode.git 303
2023-12-08 11:30:50.913 [warning] [Decorations] CAPPING events from decorations provider vscode.git 303
2023-12-08 11:30:55.959 [warning] [Decorations] CAPPING events from decorations provider vscode.git 303
2023-12-08 11:31:01.005 [warning] [Decorations] CAPPING events from decorations provider vscode.git 303
2023-12-08 11:31:06.053 [warning] [Decorations] CAPPING events from decorations provider vscode.git 303
2023-12-08 11:31:11.100 [warning] [Decorations] CAPPING events from decorations provider vscode.git 303
2023-12-08 11:31:16.147 [warning] [Decorations] CAPPING events from decorations provider vscode.git 303
2023-12-08 11:31:21.195 [warning] [Decorations] CAPPING events from decorations provider vscode.git 303
2023-12-08 11:31:26.241 [warning] [Decorations] CAPPING events from decorations provider vscode.git 303
2023-12-08 11:31:31.287 [warning] [Decorations] CAPPING events from decorations provider vscode.git 303
2023-12-08 11:31:36.332 [warning] [Decorations] CAPPING events from decorations provider vscode.git 303
2023-12-08 11:31:41.381 [warning] [Decorations] CAPPING events from decorations provider vscode.git 303
2023-12-08 11:31:46.426 [warning] [Decorations] CAPPING events from decorations provider vscode.git 303
2023-12-08 11:31:51.474 [warning] [Decorations] CAPPING events from decorations provider vscode.git 303
2023-12-08 11:31:56.520 [warning] [Decorations] CAPPING events from decorations provider vscode.git 303
2023-12-08 11:32:01.552 [warning] [Decorations] CAPPING events from decorations provider vscode.git 303
2023-12-08 11:54:56.789 [warning] [Decorations] CAPPING events from decorations provider vscode.git 304
2023-12-08 11:55:01.841 [warning] [Decorations] CAPPING events from decorations provider vscode.git 304
2023-12-08 12:00:06.549 [warning] [Decorations] CAPPING events from decorations provider vscode.git 305
2023-12-08 12:00:11.580 [warning] [Decorations] CAPPING events from decorations provider vscode.git 305
2023-12-08 12:00:16.627 [warning] [Decorations] CAPPING events from decorations provider vscode.git 305
2023-12-08 12:00:21.673 [warning] [Decorations] CAPPING events from decorations provider vscode.git 305
2023-12-08 12:00:26.719 [warning] [Decorations] CAPPING events from decorations provider vscode.git 305
2023-12-08 12:00:31.769 [warning] [Decorations] CAPPING events from decorations provider vscode.git 305
2023-12-08 12:01:03.222 [warning] [Decorations] CAPPING events from decorations provider vscode.git 305
2023-12-08 12:01:08.257 [warning] [Decorations] CAPPING events from decorations provider vscode.git 305
2023-12-08 12:01:13.303 [warning] [Decorations] CAPPING events from decorations provider vscode.git 305
2023-12-08 12:01:18.349 [warning] [Decorations] CAPPING events from decorations provider vscode.git 306
2023-12-08 12:01:23.398 [warning] [Decorations] CAPPING events from decorations provider vscode.git 307
2023-12-08 12:15:22.443 [warning] [Decorations] CAPPING events from decorations provider vscode.git 306
